#1 [internal] load build definition from Dockerfile
#1 sha256:66db64ac563b12c609c96907cee3d0ffb9bc3cc9aca685cb2733a950d40c51f4
#1 transferring dockerfile: 32B done
#1 DONE 0.0s

#2 [internal] load .dockerignore
#2 sha256:d5610b0ed4a0c22e8f450557f795d39dfe713edefca4bb717c65ac9645019d82
#2 transferring context: 2B done
#2 DONE 0.0s

#3 [internal] load metadata for docker.io/continuumio/miniconda3:latest
#3 sha256:70c01be2623751a8f6df5d5b392c0445964bc863c94f2ca91c3dab835106ad61
#3 DONE 1.7s

#4 [1/5] FROM docker.io/continuumio/miniconda3:latest@sha256:f3637fcc44fac7c20aebcc6fb8910cf76139ff2f4e6a7777d7643460bee50922
#4 sha256:ccf3808603870b3d4d4efacacd7dad1e023f1c1722968efad88da159ce4304b6
#4 DONE 0.0s

#6 [internal] load build context
#6 sha256:e2bd1008d895426fb64d26264474465d2c41a503cd99aad6f97b141faf0ad644
#6 transferring context: 60B done
#6 DONE 0.0s

#5 [2/5] WORKDIR /app
#5 sha256:4827eeba6a4726f22875cfd317dc8ff23e2044eaccaa6431269d14a06dc59fec
#5 CACHED

#7 [3/5] COPY ./1.sh 1.sh
#7 sha256:ca51ffdb129491f40863b9210ae6b3a50070e5de6204515476380ee69b413dd3
#7 CACHED

#8 [4/5] COPY ./requirements.txt requirements.txt
#8 sha256:05247297fdd62cbe2904c787c9516d1aae1992d0199c39f9c08a74ea8df8b4d4
#8 CACHED

#9 [5/5] RUN pip install --no-cache-dir -r /app/requirements.txt
#9 sha256:f830002551cfb638cab3067b9cd1c844a4e3a32375d405262c9f7dd23be9a225
#9 CACHED

#10 exporting to image
#10 sha256:e8c613e07b0b7ff33893b694f7759a10d42e180f2b4dc349fb57dc6b71dcab00
#10 exporting layers done
#10 writing image sha256:f45a415825b6b8f28b30b4a7f3631bc9d76bdff86711dc7ab214b8db8c300f12 done
#10 naming to docker.io/library/netology-ml:netology-ml done
#10 DONE 0.1s
